<?xml version="1.0" encoding="UTF-8"?>
<!-- Generated by org.testng.reporters.JUnitReportReporter -->
<testsuite hostname="DSs-MacBook-Pro" failures="0" tests="4" name="com.salesforce.runner.TestRunnerSFLogin" time="21.682" errors="0" timestamp="2022-02-13T18:59:13 PST" skipped="0">
  <testcase classname="com.salesforce.runner.TestRunnerSFLogin" name="runScenario" time="6.957"/>
  <system-out/>
  <testcase classname="com.salesforce.runner.TestRunnerSFLogin" name="runScenario" time="8.042"/>
  <system-out/>
  <testcase classname="com.salesforce.runner.TestRunnerSFLogin" name="runScenario" time="3.866"/>
  <system-out/>
  <testcase classname="com.salesforce.runner.TestRunnerSFLogin" name="runScenario" time="2.817"/>
  <system-out/>
</testsuite> <!-- com.salesforce.runner.TestRunnerSFLogin -->
