<?xml version="1.0" encoding="UTF-8"?>
<!-- Generated by org.testng.reporters.JUnitReportReporter -->
<testsuite hostname="DSs-MacBook-Pro" failures="0" tests="1" name="runner.TestRunnerSFLogin" time="8.447" errors="0" timestamp="2022-02-10T13:04:41 PST" skipped="0">
  <testcase classname="runner.TestRunnerSFLogin" name="runScenario" time="8.447"/>
  <system-out/>
</testsuite> <!-- runner.TestRunnerSFLogin -->
