<?xml version="1.0" encoding="UTF-8"?>
<!-- Generated by org.testng.reporters.JUnitReportReporter -->
<testsuite skipped="0" hostname="DSs-MacBook-Pro" name="com.salesforce.runner.TestRunnerSFLogin" tests="4" failures="0" timestamp="2022-02-14T15:40:24 PST" time="23.137" errors="0">
  <testcase name="runScenario" time="6.988" classname="com.salesforce.runner.TestRunnerSFLogin"/>
  <system-out/>
  <testcase name="runScenario" time="9.311" classname="com.salesforce.runner.TestRunnerSFLogin"/>
  <system-out/>
  <testcase name="runScenario" time="3.025" classname="com.salesforce.runner.TestRunnerSFLogin"/>
  <system-out/>
  <testcase name="runScenario" time="3.813" classname="com.salesforce.runner.TestRunnerSFLogin"/>
  <system-out/>
</testsuite> <!-- com.salesforce.runner.TestRunnerSFLogin -->
