<?xml version="1.0" encoding="UTF-8"?>
<!-- Generated by org.testng.reporters.JUnitReportReporter -->
<testsuite hostname="DSs-MacBook-Pro" failures="0" tests="4" name="com.salesforce.runner.TestRunnerSFLogin" time="22.150" errors="0" timestamp="2022-02-13T19:30:52 PST" skipped="0">
  <testcase classname="com.salesforce.runner.TestRunnerSFLogin" name="runScenario" time="3.825"/>
  <system-out/>
  <testcase classname="com.salesforce.runner.TestRunnerSFLogin" name="runScenario" time="6.389"/>
  <system-out/>
  <testcase classname="com.salesforce.runner.TestRunnerSFLogin" name="runScenario" time="3.457"/>
  <system-out/>
  <testcase classname="com.salesforce.runner.TestRunnerSFLogin" name="runScenario" time="8.479"/>
  <system-out/>
</testsuite> <!-- com.salesforce.runner.TestRunnerSFLogin -->
